2025-04-03 12:06:10,411 - === USER MESSAGE ===
2025-04-03 12:06:10,412 - User: hie
2025-04-03 12:06:10,413 - Current Emotion: neutral (Confidence: 0.50)
2025-04-03 12:06:21,067 - === BOT RESPONSE ===
2025-04-03 12:06:21,068 - Bot: Hello, Kajal! I'm so glad to see you here. It’s perfectly okay to feel neutral sometimes; it’s just a part of your emotional journey. With a confidence level at 0.50, it sounds like you might be feeling a bit unsure or ambivalent right now. 

If you're comfortable, would you like to share what’s on your mind? Sometimes just expressing your feelings can help bring clarity and relief. Remember, I'm here to support you every step of the way.
2025-04-03 12:06:21,070 - ===================
2025-04-03 12:06:38,491 - === USER MESSAGE ===
2025-04-03 12:06:38,492 - User: Hello.
2025-04-03 12:06:38,492 - Current Emotion: neutral (Confidence: 0.50)
2025-04-03 12:06:50,563 - === BOT RESPONSE ===
2025-04-03 12:06:50,564 - Bot: Hi there again, Kajal! It’s nice to chat with you. Noticing a consistent neutral emotional state can mean that you're in a place of balance, but it might also indicate some underlying feelings that you'd like to explore. 

Sometimes, being in a neutral space is a good time for reflection or even self-care—seeing where your thoughts go and what your heart desires. Is there anything specific that you'd like to discuss or delve into? Remember, it's okay if you’re not sure—I'm here to listen and support you no matter where your emotions take you.
2025-04-03 12:06:50,565 - ===================
2025-04-03 12:07:36,994 - === USER MESSAGE ===
2025-04-03 12:07:36,995 - User: hi
2025-04-03 12:07:36,995 - Current Emotion: neutral (Confidence: 0.50)
2025-04-03 12:07:48,173 - === BOT RESPONSE ===
2025-04-03 12:07:48,173 - Bot: Hello again, Kajal! I appreciate you checking in with me. It seems like we are still experiencing that neutral emotional state. That consistency can sometimes feel calming, but I understand it might also feel a little stagnant or even confusing at times.

Would you like to explore any activities or thoughts that might help shift this neutrality? Sometimes a little change in routine, a moment of gratitude, or even a brief connection with something that brings you joy can be uplifting. I'm right here with you, ready to help you navigate through this.
2025-04-03 12:07:48,174 - ===================
2025-04-03 12:13:31,387 - === USER MESSAGE ===
2025-04-03 12:13:31,387 - User: मैं बहुत उदास हूँ।
2025-04-03 12:13:31,388 - Current Emotion: neutral (Confidence: 0.50)
2025-04-03 12:15:43,748 - === BOT RESPONSE ===
2025-04-03 12:15:43,749 - Bot: I apologize, but I'm having trouble connecting. Please try again in a moment.
2025-04-03 12:15:43,749 - ===================
