2025-04-03 12:03:15,217 - =================== USER INFORMATION RECEIVED ===================
2025-04-03 12:03:15,218 - Name: Suyash
2025-04-03 12:03:15,219 - Age: 21
2025-04-03 12:03:15,220 - Gender: male
2025-04-03 12:03:15,221 - Main Concern: i am sad
2025-04-03 12:03:15,222 - Previous Therapy: some
2025-04-03 12:03:15,223 - Sleep Quality: good
2025-04-03 12:03:15,223 - Neurological History: seizures
2025-04-03 12:03:15,224 - Medications: 
2025-04-03 12:03:15,224 - ===============================================================
2025-04-03 12:06:04,266 - =================== USER INFORMATION RECEIVED ===================
2025-04-03 12:06:04,268 - Name: kajal
2025-04-03 12:06:04,269 - Age: 21
2025-04-03 12:06:04,270 - Gender: female
2025-04-03 12:06:04,271 - Main Concern: just felt anxious
2025-04-03 12:06:04,272 - Previous Therapy: some
2025-04-03 12:06:04,273 - Sleep Quality: good
2025-04-03 12:06:04,274 - Neurological History: none
2025-04-03 12:06:04,274 - Medications: 
2025-04-03 12:06:04,275 - ===============================================================
2025-04-03 12:11:02,106 - =================== USER INFORMATION RECEIVED ===================
2025-04-03 12:11:02,107 - Name: suyash
2025-04-03 12:11:02,107 - Age: 21
2025-04-03 12:11:02,107 - Gender: male
2025-04-03 12:11:02,108 - Main Concern: i am sad
2025-04-03 12:11:02,108 - Previous Therapy: no
2025-04-03 12:11:02,108 - Sleep Quality: good
2025-04-03 12:11:02,108 - Neurological History: migraines
2025-04-03 12:11:02,108 - Medications: 
2025-04-03 12:11:02,109 - ===============================================================
2025-04-03 12:15:07,262 - =================== USER INFORMATION RECEIVED ===================
2025-04-03 12:15:07,262 - Name: suyash
2025-04-03 12:15:07,263 - Age: 21
2025-04-03 12:15:07,263 - Gender: male
2025-04-03 12:15:07,263 - Main Concern: i am sad
2025-04-03 12:15:07,264 - Previous Therapy: some
2025-04-03 12:15:07,264 - Sleep Quality: good
2025-04-03 12:15:07,265 - Neurological History: seizures
2025-04-03 12:15:07,265 - Medications: 
2025-04-03 12:15:07,265 - ===============================================================
2025-04-04 15:35:24,605 - =================== USER INFORMATION RECEIVED ===================
2025-04-04 15:35:24,606 - Name: Suyash
2025-04-04 15:35:24,607 - Age: 21
2025-04-04 15:35:24,608 - Gender: male
2025-04-04 15:35:24,608 - Main Concern: i am feeling a bit stressed
2025-04-04 15:35:24,609 - Previous Therapy: some
2025-04-04 15:35:24,610 - Sleep Quality: poor
2025-04-04 15:35:24,611 - Neurological History: migraines
2025-04-04 15:35:24,612 - Medications: 
2025-04-04 15:35:24,612 - ===============================================================
2025-04-04 16:24:25,079 - =================== USER INFORMATION RECEIVED ===================
2025-04-04 16:24:25,079 - Name: suyash
2025-04-04 16:24:25,080 - Age: 21
2025-04-04 16:24:25,080 - Gender: male
2025-04-04 16:24:25,080 - Main Concern: sad
2025-04-04 16:24:25,081 - Previous Therapy: no
2025-04-04 16:24:25,081 - Sleep Quality: good
2025-04-04 16:24:25,082 - Neurological History: none
2025-04-04 16:24:25,082 - Medications: 
2025-04-04 16:24:25,082 - ===============================================================
2025-04-04 16:27:25,749 - =================== USER INFORMATION RECEIVED ===================
2025-04-04 16:27:25,751 - Name: suyash
2025-04-04 16:27:25,752 - Age: 21
2025-04-04 16:27:25,754 - Gender: male
2025-04-04 16:27:25,757 - Main Concern: sad
2025-04-04 16:27:25,758 - Previous Therapy: no
2025-04-04 16:27:25,759 - Sleep Quality: good
2025-04-04 16:27:25,760 - Neurological History: none
2025-04-04 16:27:25,761 - Medications: 
2025-04-04 16:27:25,761 - ===============================================================
2025-04-04 16:27:25,809 - =================== USER INFORMATION RECEIVED ===================
2025-04-04 16:27:25,815 - Name: suyash
2025-04-04 16:27:25,832 - Age: 21
2025-04-04 16:27:25,852 - Gender: male
2025-04-04 16:27:25,865 - Main Concern: sad
2025-04-04 16:27:25,866 - Previous Therapy: no
2025-04-04 16:27:25,871 - Sleep Quality: good
2025-04-04 16:27:25,877 - Neurological History: none
2025-04-04 16:27:25,878 - Medications: 
2025-04-04 16:27:25,880 - ===============================================================
2025-04-04 16:29:25,809 - =================== USER INFORMATION RECEIVED ===================
2025-04-04 16:29:25,810 - Name: Suyash
2025-04-04 16:29:25,811 - Age: 21
2025-04-04 16:29:25,812 - Gender: male
2025-04-04 16:29:25,812 - Main Concern: sad
2025-04-04 16:29:25,814 - Previous Therapy: no
2025-04-04 16:29:25,814 - Sleep Quality: good
2025-04-04 16:29:25,815 - Neurological History: none
2025-04-04 16:29:25,815 - Medications: 
2025-04-04 16:29:25,816 - ===============================================================
2025-04-04 16:35:35,241 - =================== USER INFORMATION RECEIVED ===================
2025-04-04 16:35:35,241 - Name: Suyash
2025-04-04 16:35:35,242 - Age: 21
2025-04-04 16:35:35,243 - Gender: male
2025-04-04 16:35:35,243 - Main Concern: sad
2025-04-04 16:35:35,244 - Previous Therapy: no
2025-04-04 16:35:35,244 - Sleep Quality: good
2025-04-04 16:35:35,245 - Neurological History: none
2025-04-04 16:35:35,245 - Medications: 
2025-04-04 16:35:35,246 - ===============================================================
